[INFO] Scanning for projects...
[INFO] 
[INFO] ----------< org.gbif.occurrence:occurrence-table-build-spark >----------
[INFO] Building Occurrence HDFS-Hive Tables Build 0.192.7-H3-SNAPSHOT
[INFO] --------------------------------[ jar ]---------------------------------
[INFO] 
[INFO] --- maven-dependency-plugin:3.1.2:tree (default-cli) @ occurrence-table-build-spark ---
[INFO] org.gbif.occurrence:occurrence-table-build-spark:jar:0.192.7-H3-SNAPSHOT
[INFO] +- org.projectlombok:lombok:jar:1.18.20:provided
[INFO] +- org.gbif.occurrence:occurrence-hdfs-table:jar:0.192.7-H3-SNAPSHOT:compile
[INFO] |  +- org.gbif:gbif-api:jar:1.3.0:compile
[INFO] |  |  +- commons-validator:commons-validator:jar:1.7:compile
[INFO] |  |  |  +- commons-beanutils:commons-beanutils:jar:1.9.2:compile
[INFO] |  |  |  \- commons-digester:commons-digester:jar:2.1:compile
[INFO] |  |  +- org.locationtech.spatial4j:spatial4j:jar:0.7:compile
[INFO] |  |  +- org.locationtech.jts:jts-core:jar:1.16.1:compile
[INFO] |  |  \- io.swagger.core.v3:swagger-annotations:jar:2.2.3:compile
[INFO] |  +- org.gbif:dwc-api:jar:1.46-H3-SNAPSHOT:compile
[INFO] |  +- org.gbif.pipelines:models:jar:2.15.0-H3-SNAPSHOT:compile
[INFO] |  +- org.gbif.predicates:predicates-api:jar:1.0:compile
[INFO] |  +- org.gbif.predicates:sql-predicates:jar:1.0:compile
[INFO] |  +- org.apache.avro:avro:jar:1.11.0:compile
[INFO] |  |  \- org.apache.commons:commons-compress:jar:1.21:compile
[INFO] |  +- org.apache.avro:avro-mapred:jar:1.11.0:compile
[INFO] |  |  \- org.apache.avro:avro-ipc-jetty:jar:1.11.0:compile
[INFO] |  |     \- org.eclipse.jetty:jetty-util:jar:9.4.42.v20210604:compile
[INFO] |  +- org.apache.avro:avro-ipc:jar:1.11.0:compile
[INFO] |  |  +- org.apache.velocity:velocity-engine-core:jar:2.3:compile
[INFO] |  |  \- javax.annotation:javax.annotation-api:jar:1.3.2:compile
[INFO] |  +- com.google.code.findbugs:jsr305:jar:3.0.1:compile
[INFO] |  \- com.google.guava:guava:jar:27.0-jre:compile
[INFO] |     +- com.google.guava:failureaccess:jar:1.0:compile
[INFO] |     +- com.google.guava:listenablefuture:jar:9999.0-empty-to-avoid-conflict-with-guava:compile
[INFO] |     +- org.checkerframework:checker-qual:jar:2.5.2:compile
[INFO] |     +- com.google.errorprone:error_prone_annotations:jar:2.2.0:compile
[INFO] |     +- com.google.j2objc:j2objc-annotations:jar:1.1:compile
[INFO] |     \- org.codehaus.mojo:animal-sniffer-annotations:jar:1.17:compile
[INFO] +- org.gbif.occurrence:occurrence-spark-udf:jar:0.192.7-H3-SNAPSHOT:compile
[INFO] +- org.gbif.occurrence:occurrence-persistence:jar:0.192.7-H3-SNAPSHOT:compile
[INFO] |  +- commons-codec:commons-codec:jar:1.6:compile
[INFO] |  +- javax.validation:validation-api:jar:2.0.1.Final:compile
[INFO] |  \- org.gbif.occurrence:occurrence-common:jar:0.192.7-H3-SNAPSHOT:compile
[INFO] |     \- com.beust:jcommander:jar:1.35:compile
[INFO] +- org.cache2k:cache2k-api:jar:2.4.1.Final:compile
[INFO] +- org.cache2k:cache2k-core:jar:2.4.1.Final:runtime
[INFO] +- org.slf4j:slf4j-api:jar:1.7.16:provided
[INFO] +- org.apache.curator:curator-framework:jar:5.1.0:compile
[INFO] +- org.apache.curator:curator-client:jar:5.1.0:compile
[INFO] +- org.apache.curator:curator-recipes:jar:5.1.0:compile
[INFO] +- org.apache.zookeeper:zookeeper:jar:3.6.2:provided
[INFO] |  +- commons-lang:commons-lang:jar:2.6:provided
[INFO] |  +- org.apache.zookeeper:zookeeper-jute:jar:3.6.2:provided
[INFO] |  +- org.apache.yetus:audience-annotations:jar:0.5.0:provided
[INFO] |  +- io.netty:netty-handler:jar:4.1.65.Final:provided
[INFO] |  |  +- io.netty:netty-common:jar:4.1.65.Final:provided
[INFO] |  |  +- io.netty:netty-resolver:jar:4.1.65.Final:provided
[INFO] |  |  +- io.netty:netty-buffer:jar:4.1.65.Final:provided
[INFO] |  |  +- io.netty:netty-transport:jar:4.1.65.Final:provided
[INFO] |  |  \- io.netty:netty-codec:jar:4.1.65.Final:provided
[INFO] |  \- io.netty:netty-transport-native-epoll:jar:4.1.65.Final:provided
[INFO] |     \- io.netty:netty-transport-native-unix-common:jar:4.1.65.Final:provided
[INFO] +- org.yaml:snakeyaml:jar:1.26:compile
[INFO] +- com.fasterxml.jackson.dataformat:jackson-dataformat-yaml:jar:2.11.4:compile
[INFO] |  \- com.fasterxml.jackson.core:jackson-core:jar:2.13.1:compile
[INFO] +- com.fasterxml.jackson.dataformat:jackson-dataformat-xml:jar:2.11.4:compile
[INFO] |  +- com.fasterxml.jackson.core:jackson-annotations:jar:2.11.4:compile
[INFO] |  +- com.fasterxml.jackson.module:jackson-module-jaxb-annotations:jar:2.11.4:compile
[INFO] |  |  +- jakarta.xml.bind:jakarta.xml.bind-api:jar:2.3.3:compile
[INFO] |  |  \- jakarta.activation:jakarta.activation-api:jar:1.2.2:compile
[INFO] |  +- org.codehaus.woodstox:stax2-api:jar:4.2.1:compile
[INFO] |  \- com.fasterxml.woodstox:woodstox-core:jar:6.2.3:compile
[INFO] +- com.fasterxml.jackson.core:jackson-databind:jar:2.13.1:compile
[INFO] +- org.apache.lucene:lucene-core:jar:8.7.0:compile
[INFO] +- org.apache.spark:spark-yarn_2.12:jar:3.3.0:provided
[INFO] |  +- org.apache.hadoop:hadoop-client-api:jar:3.3.2:provided
[INFO] |  +- org.apache.hadoop:hadoop-client-runtime:jar:3.3.2:provided
[INFO] |  |  \- commons-logging:commons-logging:jar:1.1.3:compile
[INFO] |  \- org.spark-project.spark:unused:jar:1.0.0:compile
[INFO] +- org.apache.spark:spark-catalyst_2.12:jar:3.3.0:provided
[INFO] |  +- org.scala-lang:scala-reflect:jar:2.12.15:provided
[INFO] |  +- org.scala-lang.modules:scala-parser-combinators_2.12:jar:1.1.2:provided
[INFO] |  +- org.apache.spark:spark-tags_2.12:jar:3.3.0:compile
[INFO] |  +- org.apache.spark:spark-unsafe_2.12:jar:3.3.0:provided
[INFO] |  +- org.apache.spark:spark-sketch_2.12:jar:3.3.0:provided
[INFO] |  +- org.codehaus.janino:janino:jar:3.0.8:test
[INFO] |  +- org.codehaus.janino:commons-compiler:jar:3.0.8:test
[INFO] |  +- org.antlr:antlr4-runtime:jar:4.8:provided
[INFO] |  +- com.univocity:univocity-parsers:jar:2.9.1:provided
[INFO] |  +- org.apache.arrow:arrow-vector:jar:7.0.0:provided
[INFO] |  |  +- org.apache.arrow:arrow-format:jar:7.0.0:provided
[INFO] |  |  +- org.apache.arrow:arrow-memory-core:jar:7.0.0:provided
[INFO] |  |  \- com.google.flatbuffers:flatbuffers-java:jar:1.12.0:provided
[INFO] |  \- org.apache.arrow:arrow-memory-netty:jar:7.0.0:provided
[INFO] +- org.apache.spark:spark-core_2.12:jar:3.3.0:provided
[INFO] |  +- com.twitter:chill_2.12:jar:0.10.0:provided
[INFO] |  |  \- com.esotericsoftware:kryo-shaded:jar:4.0.2:provided
[INFO] |  |     +- com.esotericsoftware:minlog:jar:1.3.0:provided
[INFO] |  |     \- org.objenesis:objenesis:jar:2.5.1:provided
[INFO] |  +- com.twitter:chill-java:jar:0.10.0:provided
[INFO] |  +- org.apache.xbean:xbean-asm9-shaded:jar:4.20:provided
[INFO] |  +- org.apache.spark:spark-launcher_2.12:jar:3.3.0:provided
[INFO] |  +- org.apache.spark:spark-kvstore_2.12:jar:3.3.0:provided
[INFO] |  |  \- org.fusesource.leveldbjni:leveldbjni-all:jar:1.8:provided
[INFO] |  +- org.apache.spark:spark-network-common_2.12:jar:3.3.0:provided
[INFO] |  |  \- com.google.crypto.tink:tink:jar:1.6.1:provided
[INFO] |  +- org.apache.spark:spark-network-shuffle_2.12:jar:3.3.0:provided
[INFO] |  +- javax.activation:activation:jar:1.1.1:provided
[INFO] |  +- jakarta.servlet:jakarta.servlet-api:jar:4.0.4:provided
[INFO] |  +- org.apache.commons:commons-lang3:jar:3.12.0:compile
[INFO] |  +- org.apache.commons:commons-math3:jar:3.6.1:provided
[INFO] |  +- org.apache.commons:commons-text:jar:1.9:provided
[INFO] |  +- commons-io:commons-io:jar:2.4:provided
[INFO] |  +- commons-collections:commons-collections:jar:3.2.2:compile
[INFO] |  +- org.apache.commons:commons-collections4:jar:4.4:provided
[INFO] |  +- org.slf4j:jul-to-slf4j:jar:1.7.16:runtime
[INFO] |  +- org.slf4j:jcl-over-slf4j:jar:1.7.16:runtime
[INFO] |  +- org.apache.logging.log4j:log4j-slf4j-impl:jar:2.13.3:provided
[INFO] |  +- org.apache.logging.log4j:log4j-api:jar:2.13.3:provided
[INFO] |  +- org.apache.logging.log4j:log4j-core:jar:2.13.3:provided
[INFO] |  +- org.apache.logging.log4j:log4j-1.2-api:jar:2.13.3:provided
[INFO] |  +- com.ning:compress-lzf:jar:1.1:provided
[INFO] |  +- org.xerial.snappy:snappy-java:jar:1.1.8.4:compile
[INFO] |  +- org.lz4:lz4-java:jar:1.8.0:provided
[INFO] |  +- com.github.luben:zstd-jni:jar:1.5.2-1:compile
[INFO] |  +- org.roaringbitmap:RoaringBitmap:jar:0.9.25:provided
[INFO] |  |  \- org.roaringbitmap:shims:jar:0.9.25:provided
[INFO] |  +- org.scala-lang.modules:scala-xml_2.12:jar:1.2.0:provided
[INFO] |  +- org.json4s:json4s-jackson_2.12:jar:3.7.0-M11:provided
[INFO] |  |  \- org.json4s:json4s-core_2.12:jar:3.7.0-M11:provided
[INFO] |  |     +- org.json4s:json4s-ast_2.12:jar:3.7.0-M11:provided
[INFO] |  |     +- org.json4s:json4s-scalap_2.12:jar:3.7.0-M11:provided
[INFO] |  |     \- com.thoughtworks.paranamer:paranamer:jar:2.8:provided
[INFO] |  +- org.glassfish.jersey.core:jersey-client:jar:2.30.1:provided
[INFO] |  |  +- jakarta.ws.rs:jakarta.ws.rs-api:jar:2.1.6:provided
[INFO] |  |  \- org.glassfish.hk2.external:jakarta.inject:jar:2.6.1:provided
[INFO] |  +- org.glassfish.jersey.core:jersey-common:jar:2.30.1:provided
[INFO] |  |  +- jakarta.annotation:jakarta.annotation-api:jar:1.3.5:provided
[INFO] |  |  \- org.glassfish.hk2:osgi-resource-locator:jar:1.0.3:provided
[INFO] |  +- org.glassfish.jersey.core:jersey-server:jar:2.30.1:provided
[INFO] |  |  +- org.glassfish.jersey.media:jersey-media-jaxb:jar:2.30.1:provided
[INFO] |  |  \- jakarta.validation:jakarta.validation-api:jar:2.0.2:provided
[INFO] |  +- org.glassfish.jersey.containers:jersey-container-servlet:jar:2.30.1:provided
[INFO] |  +- org.glassfish.jersey.containers:jersey-container-servlet-core:jar:2.30.1:provided
[INFO] |  +- org.glassfish.jersey.inject:jersey-hk2:jar:2.30.1:provided
[INFO] |  |  +- org.glassfish.hk2:hk2-locator:jar:2.6.1:provided
[INFO] |  |  |  +- org.glassfish.hk2.external:aopalliance-repackaged:jar:2.6.1:provided
[INFO] |  |  |  +- org.glassfish.hk2:hk2-api:jar:2.6.1:provided
[INFO] |  |  |  \- org.glassfish.hk2:hk2-utils:jar:2.6.1:provided
[INFO] |  |  \- org.javassist:javassist:jar:3.25.0-GA:provided
[INFO] |  +- io.netty:netty-all:jar:4.1.48.Final:provided
[INFO] |  +- com.clearspring.analytics:stream:jar:2.9.6:provided
[INFO] |  +- io.dropwizard.metrics:metrics-core:jar:4.1.22:provided
[INFO] |  +- io.dropwizard.metrics:metrics-jvm:jar:4.1.22:provided
[INFO] |  +- io.dropwizard.metrics:metrics-json:jar:4.1.22:provided
[INFO] |  +- io.dropwizard.metrics:metrics-graphite:jar:4.1.22:provided
[INFO] |  +- io.dropwizard.metrics:metrics-jmx:jar:4.1.22:provided
[INFO] |  +- com.fasterxml.jackson.module:jackson-module-scala_2.12:jar:2.11.4:provided
[INFO] |  |  \- com.fasterxml.jackson.module:jackson-module-paranamer:jar:2.11.4:provided
[INFO] |  +- org.apache.ivy:ivy:jar:2.5.0:provided
[INFO] |  +- oro:oro:jar:2.0.8:provided
[INFO] |  +- net.razorvine:pickle:jar:1.2:provided
[INFO] |  +- net.sf.py4j:py4j:jar:0.10.9.5:provided
[INFO] |  \- org.apache.commons:commons-crypto:jar:1.1.0:provided
[INFO] +- org.apache.spark:spark-sql_2.12:jar:3.3.0:provided
[INFO] |  +- org.rocksdb:rocksdbjni:jar:6.20.3:provided
[INFO] |  +- org.apache.orc:orc-core:jar:1.7.4:provided
[INFO] |  |  +- org.apache.orc:orc-shims:jar:1.7.4:provided
[INFO] |  |  +- com.google.protobuf:protobuf-java:jar:2.5.0:provided
[INFO] |  |  +- io.airlift:aircompressor:jar:0.21:provided
[INFO] |  |  +- org.jetbrains:annotations:jar:17.0.0:provided
[INFO] |  |  \- org.threeten:threeten-extra:jar:1.5.0:provided
[INFO] |  +- org.apache.orc:orc-mapreduce:jar:1.7.4:provided
[INFO] |  +- org.apache.hive:hive-storage-api:jar:2.7.2:provided
[INFO] |  +- org.apache.parquet:parquet-column:jar:1.12.2:provided
[INFO] |  |  +- org.apache.parquet:parquet-common:jar:1.12.2:provided
[INFO] |  |  \- org.apache.parquet:parquet-encoding:jar:1.12.2:provided
[INFO] |  \- org.apache.parquet:parquet-hadoop:jar:1.12.2:provided
[INFO] |     +- org.apache.parquet:parquet-format-structures:jar:1.12.2:provided
[INFO] |     \- org.apache.parquet:parquet-jackson:jar:1.12.2:provided
[INFO] +- org.apache.spark:spark-hive_2.12:jar:3.3.0:provided
[INFO] |  +- org.apache.hive:hive-common:jar:3.1.3:provided
[INFO] |  |  +- org.apache.hive:hive-classification:jar:3.1.3:provided
[INFO] |  |  +- commons-cli:commons-cli:jar:1.2:provided
[INFO] |  |  +- jline:jline:jar:2.12:provided
[INFO] |  |  +- javax.servlet:javax.servlet-api:jar:4.0.1:compile
[INFO] |  |  +- org.eclipse.jetty:jetty-http:jar:9.4.42.v20210604:compile
[INFO] |  |  |  \- org.eclipse.jetty:jetty-io:jar:9.4.42.v20210604:compile
[INFO] |  |  +- org.eclipse.jetty:jetty-rewrite:jar:9.4.42.v20210604:provided
[INFO] |  |  +- org.eclipse.jetty:jetty-server:jar:9.4.42.v20210604:compile
[INFO] |  |  +- org.eclipse.jetty:jetty-servlet:jar:9.4.42.v20210604:compile
[INFO] |  |  |  +- org.eclipse.jetty:jetty-security:jar:9.4.42.v20210604:compile
[INFO] |  |  |  \- org.eclipse.jetty:jetty-util-ajax:jar:9.4.42.v20210604:compile
[INFO] |  |  +- org.eclipse.jetty:jetty-webapp:jar:9.4.42.v20210604:provided
[INFO] |  |  |  \- org.eclipse.jetty:jetty-xml:jar:9.4.42.v20210604:provided
[INFO] |  |  +- net.sf.jpam:jpam:jar:1.1:provided
[INFO] |  |  +- com.tdunning:json:jar:1.8:provided
[INFO] |  |  +- com.github.joshelser:dropwizard-metrics-hadoop-metrics2-reporter:jar:0.1.2:provided
[INFO] |  |  +- javolution:javolution:jar:5.5.1:provided
[INFO] |  |  \- org.apache.hive:hive-upgrade-acid:jar:3.1.3:provided
[INFO] |  +- org.apache.hive:hive-exec:jar:core:2.3.9:provided
[INFO] |  |  +- org.apache.hive:hive-vector-code-gen:jar:2.3.9:provided
[INFO] |  |  |  \- org.apache.velocity:velocity:jar:1.5:provided
[INFO] |  |  +- org.antlr:antlr-runtime:jar:3.5.2:provided
[INFO] |  |  +- org.antlr:ST4:jar:4.0.4:provided
[INFO] |  |  +- com.google.code.gson:gson:jar:2.8.7:provided
[INFO] |  |  \- stax:stax-api:jar:1.0.1:provided
[INFO] |  +- org.apache.hive:hive-metastore:jar:2.3.9:provided
[INFO] |  |  +- com.jolbox:bonecp:jar:0.8.0.RELEASE:provided
[INFO] |  |  +- com.zaxxer:HikariCP:jar:3.2.0:provided
[INFO] |  |  +- org.datanucleus:datanucleus-api-jdo:jar:4.2.4:provided
[INFO] |  |  +- org.datanucleus:datanucleus-rdbms:jar:4.1.19:provided
[INFO] |  |  +- commons-pool:commons-pool:jar:1.6:provided
[INFO] |  |  +- commons-dbcp:commons-dbcp:jar:1.4:provided
[INFO] |  |  +- javax.jdo:jdo-api:jar:3.0.1:provided
[INFO] |  |  |  \- javax.transaction:jta:jar:1.1:provided
[INFO] |  |  \- org.datanucleus:javax.jdo:jar:3.2.0-m3:provided
[INFO] |  |     \- javax.transaction:transaction-api:jar:1.1:provided
[INFO] |  +- org.apache.hive:hive-serde:jar:2.3.9:provided
[INFO] |  |  \- net.sf.opencsv:opencsv:jar:2.3:provided
[INFO] |  +- org.apache.hive:hive-shims:jar:2.3.9:provided
[INFO] |  |  +- org.apache.hive.shims:hive-shims-common:jar:2.3.9:provided
[INFO] |  |  +- org.apache.hive.shims:hive-shims-0.23:jar:2.3.9:provided
[INFO] |  |  \- org.apache.hive.shims:hive-shims-scheduler:jar:2.3.9:provided
[INFO] |  +- org.apache.hive:hive-llap-common:jar:2.3.9:provided
[INFO] |  +- org.apache.hive:hive-llap-client:jar:2.3.9:provided
[INFO] |  +- org.apache.httpcomponents:httpclient:jar:4.5.2:provided
[INFO] |  |  \- org.apache.httpcomponents:httpcore:jar:4.4.13:provided
[INFO] |  +- org.codehaus.jackson:jackson-mapper-asl:jar:1.9.13:provided
[INFO] |  |  \- org.codehaus.jackson:jackson-core-asl:jar:1.9.13:provided
[INFO] |  +- joda-time:joda-time:jar:2.10.13:provided
[INFO] |  +- org.jodd:jodd-core:jar:3.5.2:provided
[INFO] |  +- org.datanucleus:datanucleus-core:jar:4.1.17:provided
[INFO] |  +- org.apache.thrift:libthrift:jar:0.12.0:provided
[INFO] |  +- org.apache.thrift:libfb303:jar:0.9.3:provided
[INFO] |  \- org.apache.derby:derby:jar:10.14.2.0:provided
[INFO] +- org.apache.spark:spark-avro_2.12:jar:3.3.0:compile
[INFO] |  \- org.tukaani:xz:jar:1.8:compile
[INFO] \- org.scala-lang:scala-library:jar:2.12.15:provided
[INFO] ------------------------------------------------------------------------
[INFO] BUILD SUCCESS
[INFO] ------------------------------------------------------------------------
[INFO] Total time:  0.971 s
[INFO] Finished at: 2023-07-05T16:29:08+02:00
[INFO] ------------------------------------------------------------------------
